<?xml version="1.0" encoding="UTF-8"?>
<!-- Generated by org.testng.reporters.JUnitReportReporter -->
<testsuite hostname="DESKTOP-ML836JK" failures="0" tests="4" name="com.TestCases.LoginPageTest" time="29.615" errors="0" timestamp="24 May 2019 18:29:22 GMT" skipped="0">
  <testcase classname="com.TestCases.LoginPageTest" name="VerifyLogoOfThePage" time="6.028"/>
  <testcase classname="com.TestCases.LoginPageTest" name="VerifyTitleofThePage" time="5.953"/>
  <testcase classname="com.TestCases.LoginPageTest" name="VerifyErrorMessageofPage" time="8.665"/>
  <testcase classname="com.TestCases.LoginPageTest" name="VerifyLoginPage" time="8.969"/>
</testsuite> <!-- com.TestCases.LoginPageTest -->
